[0m12:31:39.998863 [debug] [MainThread]: Sending event: {'category': 'dbt', 'action': 'invocation', 'label': 'start', 'context': [<snowplow_tracker.self_describing_json.SelfDescribingJson object at 0x00000171F3527530>, <snowplow_tracker.self_describing_json.SelfDescribingJson object at 0x00000171F51F2C90>, <snowplow_tracker.self_describing_json.SelfDescribingJson object at 0x00000171F51F2A80>]}
[0m12:31:40.019645 [debug] [MainThread]: An error was encountered while trying to send an event


============================== 12:31:40.019645 | fa754fe3-29ac-4956-b995-6b246f85d5a4 ==============================
[0m12:31:40.019645 [info ] [MainThread]: Running with dbt=1.9.5
[0m12:31:40.021663 [debug] [MainThread]: running dbt with arguments {'printer_width': '80', 'indirect_selection': 'eager', 'log_cache_events': 'False', 'write_json': 'True', 'partial_parse': 'True', 'cache_selected_only': 'False', 'warn_error': 'None', 'fail_fast': 'False', 'version_check': 'True', 'log_path': 'logs', 'debug': 'False', 'profiles_dir': 'C:\\Users\\yamin\\.dbt', 'use_colors': 'True', 'use_experimental_parser': 'False', 'empty': 'None', 'quiet': 'False', 'no_print': 'None', 'log_format': 'default', 'introspect': 'True', 'warn_error_options': 'WarnErrorOptions(include=[], exclude=[])', 'static_parser': 'True', 'target_path': 'None', 'invocation_command': 'dbt init dbt_project', 'send_anonymous_usage_stats': 'True'}
[0m12:31:40.138286 [debug] [MainThread]: Starter project path: C:\Users\yamin\AppData\Local\Programs\Python\Python312\Lib\site-packages\dbt\include\starter_project
[0m12:31:40.176803 [info ] [MainThread]: 
Your new dbt project "dbt_project" was created!

For more information on how to configure the profiles.yml file,
please consult the dbt documentation here:

  https://docs.getdbt.com/docs/configure-your-profile

One more thing:

Need help? Don't hesitate to reach out to us via GitHub issues or on Slack:

  https://community.getdbt.com/

Happy modeling!

[0m12:31:40.178833 [info ] [MainThread]: Setting up your profile.
[0m12:35:39.116772 [info ] [MainThread]: Profile dbt_project written to C:\Users\yamin\.dbt\profiles.yml using target's profile_template.yml and your supplied values. Run 'dbt debug' to validate the connection.
[0m12:35:39.121142 [debug] [MainThread]: Command `dbt init` succeeded at 12:35:39.119762 after 239.52 seconds
[0m12:35:39.122233 [debug] [MainThread]: Sending event: {'category': 'dbt', 'action': 'invocation', 'label': 'end', 'context': [<snowplow_tracker.self_describing_json.SelfDescribingJson object at 0x00000171F3527530>, <snowplow_tracker.self_describing_json.SelfDescribingJson object at 0x00000171F5C86300>, <snowplow_tracker.self_describing_json.SelfDescribingJson object at 0x00000171F5DD1D30>]}
[0m12:35:39.123232 [debug] [MainThread]: An error was encountered while trying to send an event
[0m12:35:39.124226 [debug] [MainThread]: Flushing usage events
